<?xml version="1.0" encoding="UTF-8"?>
<!-- Generated by org.testng.reporters.JUnitXMLReporter -->
<testsuite ignored="0" hostname="DESKTOP-TSQ3Q8K" failures="0" tests="4" name="Default test" time="0.153" errors="0" timestamp="2021-09-23T13:47:16 IST">
  <testcase classname="Com.concast.contactTest.ContactTest" name="createcontactTest" time="0.018"/>
  <testcase classname="Com.concast.contactTest.ContactTest" name="createcontactTest1" time="0.004"/>
  <testcase classname="Com.concast.contactTest.ContactTest" name="createcontactWithoutOrgTest" time="0.006"/>
  <testcase classname="Com.concast.contactTest.ContactTest" name="deletecontactTest" time="0.006"/>
</testsuite> <!-- Default test -->
