<?xml version="1.0" encoding="UTF-8"?>
<testng-results ignored="0" total="4" passed="4" failed="0" skipped="0">
  <reporter-output>
  </reporter-output>
  <suite started-at="2021-09-23T13:47:16 IST" name="Default suite" finished-at="2021-09-23T13:47:16 IST" duration-ms="153">
    <groups>
      <group name="Regression Test">
        <method signature="ContactTest.createcontactWithoutOrgTest()[pri:0, instance:Com.concast.contactTest.ContactTest@51dcb805]" name="createcontactWithoutOrgTest" class="Com.concast.contactTest.ContactTest"/>
      </group> <!-- Regression Test -->
      <group name="Smoke Test">
        <method signature="ContactTest.createcontactTest()[pri:0, instance:Com.concast.contactTest.ContactTest@51dcb805]" name="createcontactTest" class="Com.concast.contactTest.ContactTest"/>
        <method signature="ContactTest.createcontactTest1()[pri:0, instance:Com.concast.contactTest.ContactTest@51dcb805]" name="createcontactTest1" class="Com.concast.contactTest.ContactTest"/>
        <method signature="ContactTest.deletecontactTest()[pri:0, instance:Com.concast.contactTest.ContactTest@51dcb805]" name="deletecontactTest" class="Com.concast.contactTest.ContactTest"/>
      </group> <!-- Smoke Test -->
    </groups>
    <test started-at="2021-09-23T13:47:16 IST" name="Default test" finished-at="2021-09-23T13:47:16 IST" duration-ms="153">
      <class name="Com.concast.contactTest.ContactTest">
        <test-method signature="createcontactTest()[pri:0, instance:Com.concast.contactTest.ContactTest@51dcb805]" started-at="2021-09-23T13:47:16 IST" name="createcontactTest" finished-at="2021-09-23T13:47:16 IST" duration-ms="18" status="PASS">
          <reporter-output>
          </reporter-output>
        </test-method> <!-- createcontactTest -->
        <test-method signature="createcontactTest1()[pri:0, instance:Com.concast.contactTest.ContactTest@51dcb805]" started-at="2021-09-23T13:47:16 IST" name="createcontactTest1" finished-at="2021-09-23T13:47:16 IST" duration-ms="4" status="PASS">
          <reporter-output>
          </reporter-output>
        </test-method> <!-- createcontactTest1 -->
        <test-method signature="createcontactWithoutOrgTest()[pri:0, instance:Com.concast.contactTest.ContactTest@51dcb805]" started-at="2021-09-23T13:47:16 IST" name="createcontactWithoutOrgTest" finished-at="2021-09-23T13:47:16 IST" duration-ms="6" status="PASS">
          <reporter-output>
          </reporter-output>
        </test-method> <!-- createcontactWithoutOrgTest -->
        <test-method signature="deletecontactTest()[pri:0, instance:Com.concast.contactTest.ContactTest@51dcb805]" started-at="2021-09-23T13:47:16 IST" name="deletecontactTest" finished-at="2021-09-23T13:47:16 IST" duration-ms="6" status="PASS">
          <reporter-output>
          </reporter-output>
        </test-method> <!-- deletecontactTest -->
      </class> <!-- Com.concast.contactTest.ContactTest -->
    </test> <!-- Default test -->
  </suite> <!-- Default suite -->
</testng-results>
